<?xml version="1.0" encoding="UTF-8"?>
<!-- Generated by org.testng.reporters.JUnitReportReporter -->
<testsuite hostname="BLR-LAP-018" name="TestClass.Login" tests="1" failures="0" timestamp="5 Jan 2021 05:12:57 GMT" time="7.036" errors="0">
  <testcase name="login" time="7.036" classname="TestClass.Login"/>
</testsuite> <!-- TestClass.Login -->
