<?xml version="1.0" encoding="UTF-8"?>
<!-- Generated by org.testng.reporters.JUnitReportReporter -->
<testsuite hostname="BLR-LAP-018" name="TestClass.LoginTest" tests="1" failures="0" timestamp="13 Jan 2021 06:46:56 GMT" time="41.324" errors="0">
  <testcase name="login" time="41.324" classname="TestClass.LoginTest"/>
</testsuite> <!-- TestClass.LoginTest -->
